This is XeTeX, Version 3.141592653-2.6-0.999993 (MiKTeX 22.1) (preloaded format=xelatex 2025.10.28)  5 DEC 2025 20:42
entering extended mode
 restricted \write18 enabled.
 %&-line parsing enabled.
**./ProposalTA.tex
(ProposalTA.tex
LaTeX2e <2025-06-01> patch level 1
L3 programming layer <2025-10-09>

(/Users/louisferdyo/Library/Application Support/MiKTeX/texmfs/install/tex/latex
/base/book.cls
Document Class: book 2025/01/22 v1.4n Standard LaTeX document class

(/Users/louisferdyo/Library/Application Support/MiKTeX/texmfs/install/tex/latex
/base/bk12.clo
File: bk12.clo 2025/01/22 v1.4n Standard LaTeX file (size option)
)
\c@part=\count271
\c@chapter=\count272
\c@section=\count273
\c@subsection=\count274
\c@subsubsection=\count275
\c@paragraph=\count276
\c@subparagraph=\count277
\c@figure=\count278
\c@table=\count279
\abovecaptionskip=\skip49
\belowcaptionskip=\skip50
\bibindent=\dimen148
)
(/Users/louisferdyo/Library/Application Support/MiKTeX/texmfs/install/tex/latex
/base/inputenc.sty
Package: inputenc 2024/02/08 v1.3d Input encoding file
\inpenc@prehook=\toks17
\inpenc@posthook=\toks18


Package inputenc Warning: inputenc package ignored with utf8 based engines.

)
(/Users/louisferdyo/Library/Application Support/MiKTeX/texmfs/install/tex/latex
/fontspec/fontspec.sty
(/Users/louisferdyo/Library/Application Support/MiKTeX/texmfs/install/tex/latex
/l3packages/xparse/xparse.sty
(/Users/louisferdyo/Library/Application Support/MiKTeX/texmfs/install/tex/latex
/l3kernel/expl3.sty
Package: expl3 2025-10-09 L3 programming layer (loader) 

(/Users/louisferdyo/Library/Application Support/MiKTeX/texmfs/install/tex/latex
/l3backend/l3backend-xetex.def
File: l3backend-xetex.def 2025-10-09 L3 backend support: XeTeX
\g__graphics_track_int=\count280
\g__pdfannot_backend_int=\count281
\g__pdfannot_backend_link_int=\count282
))
Package: xparse 2025-10-09 L3 Experimental document command parser
)
Package: fontspec 2025/09/29 v2.9g Font selection for XeLaTeX and LuaLaTeX

(/Users/louisferdyo/Library/Application Support/MiKTeX/texmfs/install/tex/latex
/fontspec/fontspec-xetex.sty
Package: fontspec-xetex 2025/09/29 v2.9g Font selection for XeLaTeX and LuaLaTe
X
\l__fontspec_script_int=\count283
\l__fontspec_language_int=\count284
\l__fontspec_strnum_int=\count285
\l__fontspec_tmp_int=\count286
\l__fontspec_tmpa_int=\count287
\l__fontspec_tmpb_int=\count288
\l__fontspec_tmpc_int=\count289
\l__fontspec_em_int=\count290
\l__fontspec_emdef_int=\count291
\l__fontspec_strong_int=\count292
\l__fontspec_strongdef_int=\count293
\l__fontspec_tmpa_dim=\dimen149
\l__fontspec_tmpb_dim=\dimen150
\l__fontspec_tmpc_dim=\dimen151

(/Users/louisferdyo/Library/Application Support/MiKTeX/texmfs/install/tex/latex
/base/fontenc.sty
Package: fontenc 2024/12/21 v2.1c Standard LaTeX package
)
(/Users/louisferdyo/Library/Application Support/MiKTeX/texmfs/install/tex/latex
/fontspec/fontspec.cfg)))

Package fontspec Info: 
(fontspec)             Font family 'TimesNewRoman(0)' created for font 'Times
(fontspec)             New Roman' with options [Ligatures=TeX].
(fontspec)              
(fontspec)              This font family consists of the following NFSS
(fontspec)             series/shapes:
(fontspec)              
(fontspec)             - 'normal' (m/n) with NFSS spec.: <->"Times New
(fontspec)             Roman/OT:script=latn;language=dflt;mapping=tex-text;"
(fontspec)             - 'bold' (b/n) with NFSS spec.: <->"Times New
(fontspec)             Roman/B/OT:script=latn;language=dflt;mapping=tex-text;"
(fontspec)             - 'italic' (m/it) with NFSS spec.: <->"Times New
(fontspec)             Roman/I/OT:script=latn;language=dflt;mapping=tex-text;"
(fontspec)             - 'bold italic' (b/it) with NFSS spec.: <->"Times New
(fontspec)             Roman/BI/OT:script=latn;language=dflt;mapping=tex-text;"



(/Users/louisferdyo/Library/Application Support/MiKTeX/texmfs/install/tex/latex
/geometry/geometry.sty
Package: geometry 2020/01/02 v5.9 Page Geometry

(/Users/louisferdyo/Library/Application Support/MiKTeX/texmfs/install/tex/latex
/graphics/keyval.sty
Package: keyval 2022/05/29 v1.15 key=value parser (DPC)
\KV@toks@=\toks19
)
(/Users/louisferdyo/Library/Application Support/MiKTeX/texmfs/install/tex/gener
ic/iftex/ifvtex.sty
Package: ifvtex 2019/10/25 v1.7 ifvtex legacy package. Use iftex instead.

(/Users/louisferdyo/Library/Application Support/MiKTeX/texmfs/install/tex/gener
ic/iftex/iftex.sty
Package: iftex 2024/12/12 v1.0g TeX engine tests
))
\Gm@cnth=\count294
\Gm@cntv=\count295
\c@Gm@tempcnt=\count296
\Gm@bindingoffset=\dimen152
\Gm@wd@mp=\dimen153
\Gm@odd@mp=\dimen154
\Gm@even@mp=\dimen155
\Gm@layoutwidth=\dimen156
\Gm@layoutheight=\dimen157
\Gm@layouthoffset=\dimen158
\Gm@layoutvoffset=\dimen159
\Gm@dimlist=\toks20

(/Users/louisferdyo/Library/Application Support/MiKTeX/texmfs/install/tex/latex
/geometry/geometry.cfg))
(/Users/louisferdyo/Library/Application Support/MiKTeX/texmfs/install/tex/gener
ic/babel/babel.sty
Package: babel 2025/10/22 v25.14 The multilingual framework for LuaLaTeX, pdfLa
TeX and XeLaTeX
\babel@savecnt=\count297
LaTeX Encoding Info:    Redeclaring text command \ij (encoding OT1) on input li
ne 2050.
LaTeX Encoding Info:    Redeclaring text command \IJ (encoding OT1) on input li
ne 2052.
LaTeX Encoding Info:    Redeclaring text command \ij (encoding T1) on input lin
e 2054.
LaTeX Encoding Info:    Redeclaring text command \IJ (encoding T1) on input lin
e 2055.
LaTeX Encoding Info:    Ignoring declaration for text command \ij (encoding ?) 
on input line 2056.
LaTeX Encoding Info:    Ignoring declaration for text command \IJ (encoding ?) 
on input line 2058.
LaTeX Encoding Info:    Ignoring declaration for text command \SS (encoding ?) 
on input line 2083.
\U@D=\dimen160
\l@unhyphenated=\language79

(/Users/louisferdyo/Library/Application Support/MiKTeX/texmfs/install/tex/gener
ic/babel/xebabel.def)
\bbl@readstream=\read2
\bbl@dirlevel=\count298


Package babel Warning: Configuration files are deprecated, as
(babel)                they can break document portability.
(babel)                Reported on input line 4172.

*************************************
* Local config file bblopts.cfg used
*

(/Users/louisferdyo/Library/Application Support/MiKTeX/texmfs/install/tex/latex
/arabi/bblopts.cfg
File: bblopts.cfg 2005/09/08 v0.1 add Arabic and Farsi to "declared" options of
 babel
)
(/Users/louisferdyo/Library/Application Support/MiKTeX/texmfs/install/tex/gener
ic/babel/locale/id/babel-indonesian.tex)
Package babel Info: Importing font and identification data for indonesian
(babel)             from babel-id.ini. Reported on input line 4295.

(/Users/louisferdyo/Library/Application Support/MiKTeX/texmfs/install/tex/latex
/babel-indonesian/indonesian.ldf
Language: indonesian 2025/06/01 v1.0n Bahasa Indonesia support from the babel s
ystem
))
(/Users/louisferdyo/Library/Application Support/MiKTeX/texmfs/install/tex/latex
/csquotes/csquotes.sty
Package: csquotes 2024-04-04 v5.2o context-sensitive quotations (JAW)

(/Users/louisferdyo/Library/Application Support/MiKTeX/texmfs/install/tex/latex
/etoolbox/etoolbox.sty
Package: etoolbox 2025/10/02 v2.5m e-TeX tools for LaTeX (JAW)
\etb@tempcnta=\count299
)
\csq@reset=\count300
\csq@gtype=\count301
\csq@glevel=\count302
\csq@qlevel=\count303
\csq@maxlvl=\count304
\csq@tshold=\count305
\csq@ltx@everypar=\toks21

(/Users/louisferdyo/Library/Application Support/MiKTeX/texmfs/install/tex/latex
/csquotes/csquotes.def
File: csquotes.def 2024-04-04 v5.2o csquotes generic definitions (JAW)
)
Package csquotes Info: Trying to load configuration file 'csquotes.cfg'...
Package csquotes Info: ... configuration file loaded successfully.

(/Users/louisferdyo/Library/Application Support/MiKTeX/texmfs/install/tex/latex
/csquotes/csquotes.cfg
File: csquotes.cfg 
))
(/Users/louisferdyo/Library/Application Support/MiKTeX/texmfs/install/tex/latex
/setspace/setspace.sty
Package: setspace 2022/12/04 v6.7b set line spacing
)
(/Users/louisferdyo/Library/Application Support/MiKTeX/texmfs/install/tex/latex
/graphics/graphicx.sty
Package: graphicx 2024/12/31 v1.2e Enhanced LaTeX Graphics (DPC,SPQR)

(/Users/louisferdyo/Library/Application Support/MiKTeX/texmfs/install/tex/latex
/graphics/graphics.sty
Package: graphics 2024/08/06 v1.4g Standard LaTeX Graphics (DPC,SPQR)

(/Users/louisferdyo/Library/Application Support/MiKTeX/texmfs/install/tex/latex
/graphics/trig.sty
Package: trig 2023/12/02 v1.11 sin cos tan (DPC)
)
(/Users/louisferdyo/Library/Application Support/MiKTeX/texmfs/install/tex/latex
/graphics-cfg/graphics.cfg
File: graphics.cfg 2016/06/04 v1.11 sample graphics configuration
)
Package graphics Info: Driver file: xetex.def on input line 106.

(/Users/louisferdyo/Library/Application Support/MiKTeX/texmfs/install/tex/latex
/graphics-def/xetex.def
File: xetex.def 2025/09/29 v5.0o Graphics/color driver for xetex
))
\Gin@req@height=\dimen161
\Gin@req@width=\dimen162
)
(/Users/louisferdyo/Library/Application Support/MiKTeX/texmfs/install/tex/latex
/caption/caption.sty
Package: caption 2023/08/05 v3.6o Customizing captions (AR)

(/Users/louisferdyo/Library/Application Support/MiKTeX/texmfs/install/tex/latex
/caption/caption3.sty
Package: caption3 2023/07/31 v2.4d caption3 kernel (AR)
\caption@tempdima=\dimen163
\captionmargin=\dimen164
\caption@leftmargin=\dimen165
\caption@rightmargin=\dimen166
\caption@width=\dimen167
\caption@indent=\dimen168
\caption@parindent=\dimen169
\caption@hangindent=\dimen170
Package caption Info: Standard document class detected.
)
\c@caption@flags=\count306
\c@continuedfloat=\count307
)
(/Users/louisferdyo/Library/Application Support/MiKTeX/texmfs/install/tex/latex
/caption/subcaption.sty
Package: subcaption 2023/07/28 v1.6b Sub-captions (AR)
Package caption Info: New subtype `subfigure' on input line 238.
\c@subfigure=\count308
Package caption Info: New subtype `subtable' on input line 238.
\c@subtable=\count309
)
(/Users/louisferdyo/Library/Application Support/MiKTeX/texmfs/install/tex/latex
/hyperref/hyperref.sty
Package: hyperref 2025-07-12 v7.01o Hypertext links for LaTeX

(/Users/louisferdyo/Library/Application Support/MiKTeX/texmfs/install/tex/latex
/kvsetkeys/kvsetkeys.sty
Package: kvsetkeys 2022-10-05 v1.19 Key value parser (HO)
)
(/Users/louisferdyo/Library/Application Support/MiKTeX/texmfs/install/tex/gener
ic/kvdefinekeys/kvdefinekeys.sty
Package: kvdefinekeys 2019-12-19 v1.6 Define keys (HO)
)
(/Users/louisferdyo/Library/Application Support/MiKTeX/texmfs/install/tex/gener
ic/pdfescape/pdfescape.sty
Package: pdfescape 2019/12/09 v1.15 Implements pdfTeX's escape features (HO)

(/Users/louisferdyo/Library/Application Support/MiKTeX/texmfs/install/tex/gener
ic/ltxcmds/ltxcmds.sty
Package: ltxcmds 2023-12-04 v1.26 LaTeX kernel commands for general use (HO)
)
(/Users/louisferdyo/Library/Application Support/MiKTeX/texmfs/install/tex/gener
ic/pdftexcmds/pdftexcmds.sty
Package: pdftexcmds 2020-06-27 v0.33 Utility functions of pdfTeX for LuaTeX (HO
)

(/Users/louisferdyo/Library/Application Support/MiKTeX/texmfs/install/tex/gener
ic/infwarerr/infwarerr.sty
Package: infwarerr 2019/12/03 v1.5 Providing info/warning/error messages (HO)
)
Package pdftexcmds Info: \pdf@primitive is available.
Package pdftexcmds Info: \pdf@ifprimitive is available.
Package pdftexcmds Info: \pdfdraftmode not found.
))
(/Users/louisferdyo/Library/Application Support/MiKTeX/texmfs/install/tex/latex
/hycolor/hycolor.sty
Package: hycolor 2020-01-27 v1.10 Color options for hyperref/bookmark (HO)
)
(/Users/louisferdyo/Library/Application Support/MiKTeX/texmfs/install/tex/latex
/hyperref/nameref.sty
Package: nameref 2025-06-21 v2.57 Cross-referencing by name of section

(/Users/louisferdyo/Library/Application Support/MiKTeX/texmfs/install/tex/latex
/refcount/refcount.sty
Package: refcount 2019/12/15 v3.6 Data extraction from label references (HO)
)
(/Users/louisferdyo/Library/Application Support/MiKTeX/texmfs/install/tex/gener
ic/gettitlestring/gettitlestring.sty
Package: gettitlestring 2019/12/15 v1.6 Cleanup title references (HO)

(/Users/louisferdyo/Library/Application Support/MiKTeX/texmfs/install/tex/latex
/kvoptions/kvoptions.sty
Package: kvoptions 2022-06-15 v3.15 Key value format for package options (HO)
))
\c@section@level=\count310
)
(/Users/louisferdyo/Library/Application Support/MiKTeX/texmfs/install/tex/gener
ic/stringenc/stringenc.sty
Package: stringenc 2019/11/29 v1.12 Convert strings between diff. encodings (HO
)
)
\@linkdim=\dimen171
\Hy@linkcounter=\count311
\Hy@pagecounter=\count312

(/Users/louisferdyo/Library/Application Support/MiKTeX/texmfs/install/tex/latex
/hyperref/pd1enc.def
File: pd1enc.def 2025-07-12 v7.01o Hyperref: PDFDocEncoding definition (HO)
)
(/Users/louisferdyo/Library/Application Support/MiKTeX/texmfs/install/tex/gener
ic/intcalc/intcalc.sty
Package: intcalc 2019/12/15 v1.3 Expandable calculations with integers (HO)
)
\Hy@SavedSpaceFactor=\count313

(/Users/louisferdyo/Library/Application Support/MiKTeX/texmfs/install/tex/latex
/hyperref/puenc.def
File: puenc.def 2025-07-12 v7.01o Hyperref: PDF Unicode definition (HO)
)
Package hyperref Info: Hyper figures OFF on input line 4195.
Package hyperref Info: Link nesting OFF on input line 4200.
Package hyperref Info: Hyper index ON on input line 4203.
Package hyperref Info: Plain pages OFF on input line 4210.
Package hyperref Info: Backreferencing OFF on input line 4215.
Package hyperref Info: Implicit mode ON; LaTeX internals redefined.
Package hyperref Info: Bookmarks ON on input line 4462.
\c@Hy@tempcnt=\count314

(/Users/louisferdyo/Library/Application Support/MiKTeX/texmfs/install/tex/latex
/url/url.sty
\Urlmuskip=\muskip17
Package: url 2013/09/16  ver 3.4  Verb mode for urls, etc.
)
LaTeX Info: Redefining \url on input line 4801.
\XeTeXLinkMargin=\dimen172

(/Users/louisferdyo/Library/Application Support/MiKTeX/texmfs/install/tex/gener
ic/bitset/bitset.sty
Package: bitset 2019/12/09 v1.3 Handle bit-vector datatype (HO)

(/Users/louisferdyo/Library/Application Support/MiKTeX/texmfs/install/tex/gener
ic/bigintcalc/bigintcalc.sty
Package: bigintcalc 2019/12/15 v1.5 Expandable calculations on big integers (HO
)
))
\Fld@menulength=\count315
\Field@Width=\dimen173
\Fld@charsize=\dimen174
Package hyperref Info: Hyper figures OFF on input line 6078.
Package hyperref Info: Link nesting OFF on input line 6083.
Package hyperref Info: Hyper index ON on input line 6086.
Package hyperref Info: backreferencing OFF on input line 6093.
Package hyperref Info: Link coloring OFF on input line 6098.
Package hyperref Info: Link coloring with OCG OFF on input line 6103.
Package hyperref Info: PDF/A mode OFF on input line 6108.
\Hy@abspage=\count316
\c@Item=\count317
\c@Hfootnote=\count318
)
Package hyperref Info: Driver (autodetected): hxetex.

(/Users/louisferdyo/Library/Application Support/MiKTeX/texmfs/install/tex/latex
/hyperref/hxetex.def
File: hxetex.def 2025-07-12 v7.01o Hyperref driver for XeTeX
\pdfm@box=\box53
\c@Hy@AnnotLevel=\count319
\HyField@AnnotCount=\count320
\Fld@listcount=\count321
\c@bookmark@seq@number=\count322

(/Users/louisferdyo/Library/Application Support/MiKTeX/texmfs/install/tex/latex
/rerunfilecheck/rerunfilecheck.sty
Package: rerunfilecheck 2025-06-21 v1.11 Rerun checks for auxiliary files (HO)

(/Users/louisferdyo/Library/Application Support/MiKTeX/texmfs/install/tex/gener
ic/uniquecounter/uniquecounter.sty
Package: uniquecounter 2019/12/15 v1.4 Provide unlimited unique counter (HO)
)
Package uniquecounter Info: New unique counter `rerunfilecheck' on input line 2
84.
)
\Hy@SectionHShift=\skip51
)
(/Users/louisferdyo/Library/Application Support/MiKTeX/texmfs/install/tex/latex
/titlesec/titlesec.sty
Package: titlesec 2025/01/04 v2.17 Sectioning titles
\ttl@box=\box54
\beforetitleunit=\skip52
\aftertitleunit=\skip53
\ttl@plus=\dimen175
\ttl@minus=\dimen176
\ttl@toksa=\toks22
\titlewidth=\dimen177
\titlewidthlast=\dimen178
\titlewidthfirst=\dimen179
)
(/Users/louisferdyo/Library/Application Support/MiKTeX/texmfs/install/tex/latex
/tocloft/tocloft.sty
Package: tocloft 2017/08/31 v2.3i parameterised ToC, etc., typesetting
Package tocloft Info: The document has chapter divisions on input line 51.
\cftparskip=\skip54
\cftbeforetoctitleskip=\skip55
\cftaftertoctitleskip=\skip56
\cftbeforepartskip=\skip57
\cftpartnumwidth=\skip58
\cftpartindent=\skip59
\cftbeforechapskip=\skip60
\cftchapindent=\skip61
\cftchapnumwidth=\skip62
\cftbeforesecskip=\skip63
\cftsecindent=\skip64
\cftsecnumwidth=\skip65
\cftbeforesubsecskip=\skip66
\cftsubsecindent=\skip67
\cftsubsecnumwidth=\skip68
\cftbeforesubsubsecskip=\skip69
\cftsubsubsecindent=\skip70
\cftsubsubsecnumwidth=\skip71
\cftbeforeparaskip=\skip72
\cftparaindent=\skip73
\cftparanumwidth=\skip74
\cftbeforesubparaskip=\skip75
\cftsubparaindent=\skip76
\cftsubparanumwidth=\skip77
\cftbeforeloftitleskip=\skip78
\cftafterloftitleskip=\skip79
\cftbeforefigskip=\skip80
\cftfigindent=\skip81
\cftfignumwidth=\skip82
\c@lofdepth=\count323
\c@lotdepth=\count324
\cftbeforelottitleskip=\skip83
\cftafterlottitleskip=\skip84
\cftbeforetabskip=\skip85
\cfttabindent=\skip86
\cfttabnumwidth=\skip87
)
(/Users/louisferdyo/Library/Application Support/MiKTeX/texmfs/install/tex/latex
/lipsum/lipsum.sty
(/Users/louisferdyo/Library/Application Support/MiKTeX/texmfs/install/tex/latex
/l3packages/l3keys2e/l3keys2e.sty
Package: l3keys2e 2025-10-09 LaTeX2e option processing using LaTeX3 keys
)
Package: lipsum 2021-09-20 v2.7 150 paragraphs of Lorem Ipsum dummy text
\g__lipsum_par_int=\count325
\l__lipsum_a_int=\count326
\l__lipsum_b_int=\count327

(/Users/louisferdyo/Library/Application Support/MiKTeX/texmfs/install/tex/latex
/lipsum/lipsum.ltd.tex))
(/Users/louisferdyo/Library/Application Support/MiKTeX/texmfs/install/tex/latex
/floatrow/floatrow.sty
Package: floatrow 2008/08/02 v0.3b floatrow: float package extension
\c@float@type=\count328
\float@exts=\toks23
\float@box=\box55
\@floatcapt=\box56
Package floatrow Info: Modified float package code loaded on input line 455.
Package floatrow Info: Modified rotfloat package code loaded on input line 473.

\FR@everyfloat=\toks24
\flrow@foot=\insert252
\FB@wd=\dimen180
\FBo@wd=\dimen181
\FBc@wd=\dimen182
\FBo@ht=\skip88
\FBc@ht=\skip89
\FBf@ht=\skip90
\FBo@max=\skip91
\FBc@max=\skip92
\FBf@max=\skip93
\c@FBl@b=\count329
\floatbox@depth=\count330
\c@FRobj=\count331
\c@FRsobj=\count332
\Xhsize=\skip94
\sXhsize=\skip95
\Zhsize=\skip96
\sZhsize=\skip97
\flrow@rowbox=\box57
\FR@Zunitlength=\dimen183
\c@FBcnt=\count333
\FPOScnt=\count334
\LTleft=\skip98
\LTright=\skip99
\LTleft=\skip100
\LTright=\skip101
\flrow@types=\toks25
)
(/Users/louisferdyo/Library/Application Support/MiKTeX/texmfs/install/tex/latex
/listings/listings.sty
\lst@mode=\count335
\lst@gtempboxa=\box58
\lst@token=\toks26
\lst@length=\count336
\lst@currlwidth=\dimen184
\lst@column=\count337
\lst@pos=\count338
\lst@lostspace=\dimen185
\lst@width=\dimen186
\lst@newlines=\count339
\lst@lineno=\count340
\lst@maxwidth=\dimen187

(/Users/louisferdyo/Library/Application Support/MiKTeX/texmfs/install/tex/latex
/listings/lstpatch.sty
File: lstpatch.sty 2024/09/23 1.10c (Carsten Heinz)
)
(/Users/louisferdyo/Library/Application Support/MiKTeX/texmfs/install/tex/latex
/listings/lstmisc.sty
File: lstmisc.sty 2024/09/23 1.10c (Carsten Heinz)
\c@lstnumber=\count341
\lst@skipnumbers=\count342
\lst@framebox=\box59
)
(/Users/louisferdyo/Library/Application Support/MiKTeX/texmfs/install/tex/latex
/listings/listings.cfg
File: listings.cfg 2024/09/23 1.10c listings configuration
))
Package: listings 2024/09/23 1.10c (Carsten Heinz)

(/Users/louisferdyo/Library/Application Support/MiKTeX/texmfs/install/tex/latex
/amsmath/amsmath.sty
Package: amsmath 2025/06/16 v2.17y AMS math features
\@mathmargin=\skip102

For additional information on amsmath, use the `?' option.

(/Users/louisferdyo/Library/Application Support/MiKTeX/texmfs/install/tex/latex
/amsmath/amstext.sty
Package: amstext 2024/11/17 v2.01 AMS text

(/Users/louisferdyo/Library/Application Support/MiKTeX/texmfs/install/tex/latex
/amsmath/amsgen.sty
File: amsgen.sty 1999/11/30 v2.0 generic functions
\@emptytoks=\toks27
\ex@=\dimen188
))
(/Users/louisferdyo/Library/Application Support/MiKTeX/texmfs/install/tex/latex
/amsmath/amsbsy.sty
Package: amsbsy 1999/11/29 v1.2d Bold Symbols
\pmbraise@=\dimen189
)
(/Users/louisferdyo/Library/Application Support/MiKTeX/texmfs/install/tex/latex
/amsmath/amsopn.sty
Package: amsopn 2022/04/08 v2.04 operator names
)
\inf@bad=\count343
LaTeX Info: Redefining \frac on input line 233.
\uproot@=\count344
\leftroot@=\count345
LaTeX Info: Redefining \overline on input line 398.
LaTeX Info: Redefining \colon on input line 409.
\classnum@=\count346
\DOTSCASE@=\count347
LaTeX Info: Redefining \ldots on input line 495.
LaTeX Info: Redefining \dots on input line 498.
LaTeX Info: Redefining \cdots on input line 619.
\Mathstrutbox@=\box60
\strutbox@=\box61
LaTeX Info: Redefining \big on input line 721.
LaTeX Info: Redefining \Big on input line 722.
LaTeX Info: Redefining \bigg on input line 723.
LaTeX Info: Redefining \Bigg on input line 724.
\big@size=\dimen190
LaTeX Font Info:    Redeclaring font encoding OML on input line 742.
LaTeX Font Info:    Redeclaring font encoding OMS on input line 743.
\macc@depth=\count348
LaTeX Info: Redefining \bmod on input line 904.
LaTeX Info: Redefining \pmod on input line 909.
LaTeX Info: Redefining \smash on input line 939.
LaTeX Info: Redefining \relbar on input line 969.
LaTeX Info: Redefining \Relbar on input line 970.
\c@MaxMatrixCols=\count349
\dotsspace@=\muskip18
\c@parentequation=\count350
\dspbrk@lvl=\count351
\tag@help=\toks28
\row@=\count352
\column@=\count353
\maxfields@=\count354
\andhelp@=\toks29
\eqnshift@=\dimen191
\alignsep@=\dimen192
\tagshift@=\dimen193
\tagwidth@=\dimen194
\totwidth@=\dimen195
\lineht@=\dimen196
\@envbody=\toks30
\multlinegap=\skip103
\multlinetaggap=\skip104
\mathdisplay@stack=\toks31
LaTeX Info: Redefining \[ on input line 2949.
LaTeX Info: Redefining \] on input line 2950.
)
(/Users/louisferdyo/Library/Application Support/MiKTeX/texmfs/install/tex/latex
/amsfonts/amssymb.sty
Package: amssymb 2013/01/14 v3.01 AMS font symbols

(/Users/louisferdyo/Library/Application Support/MiKTeX/texmfs/install/tex/latex
/amsfonts/amsfonts.sty
Package: amsfonts 2013/01/14 v3.01 Basic AMSFonts support
\symAMSa=\mathgroup4
\symAMSb=\mathgroup5
LaTeX Font Info:    Redeclaring math symbol \hbar on input line 98.
LaTeX Font Info:    Overwriting math alphabet `\mathfrak' in version `bold'
(Font)                  U/euf/m/n --> U/euf/b/n on input line 106.
))
(/Users/louisferdyo/Library/Application Support/MiKTeX/texmfs/install/tex/latex
/enumitem/enumitem.sty
Package: enumitem 2025/02/06 v3.11 Customized lists
\labelindent=\skip105
\enit@outerparindent=\dimen197
\enit@toks=\toks32
\enit@inbox=\box62
\enit@count@id=\count355
\enitdp@description=\count356
)
(/Users/louisferdyo/Library/Application Support/MiKTeX/texmfs/install/tex/latex
/parskip/parskip.sty
Package: parskip 2021-03-14 v2.0h non-zero parskip adjustments
)
(/Users/louisferdyo/Library/Application Support/MiKTeX/texmfs/install/tex/latex
/tools/longtable.sty
Package: longtable 2024-12-18 v4.23 Multi-page Table package (DPC)
\LTleft=\skip106
\LTright=\skip107
\LTpre=\skip108
\LTpost=\skip109
\LTchunksize=\count357
\LTcapwidth=\dimen198
\LT@head=\box63
\LT@firsthead=\box64
\LT@foot=\box65
\LT@lastfoot=\box66
\LT@gbox=\box67
\LT@cols=\count358
\LT@rows=\count359
\c@LT@tables=\count360
\c@LT@chunks=\count361
\LT@p@ftn=\toks33
)
(/Users/louisferdyo/Library/Application Support/MiKTeX/texmfs/install/tex/latex
/booktabs/booktabs.sty
Package: booktabs 2020/01/12 v1.61803398 Publication quality tables
\heavyrulewidth=\dimen199
\lightrulewidth=\dimen256
\cmidrulewidth=\dimen257
\belowrulesep=\dimen258
\belowbottomsep=\dimen259
\aboverulesep=\dimen260
\abovetopsep=\dimen261
\cmidrulesep=\dimen262
\cmidrulekern=\dimen263
\defaultaddspace=\dimen264
\@cmidla=\count362
\@cmidlb=\count363
\@aboverulesep=\dimen265
\@belowrulesep=\dimen266
\@thisruleclass=\count364
\@lastruleclass=\count365
\@thisrulewidth=\dimen267
)
(/Users/louisferdyo/Library/Application Support/MiKTeX/texmfs/install/tex/latex
/datetime2/datetime2.sty
Package: datetime2 2021/03/21 v1.5.7 (NLCT) date and time formats

(/Users/louisferdyo/Library/Application Support/MiKTeX/texmfs/install/tex/latex
/tracklang/tracklang.sty
Package: tracklang 2025/03/11 v1.6.6 (NLCT) Track Languages

(/Users/louisferdyo/Library/Application Support/MiKTeX/texmfs/install/tex/gener
ic/tracklang/tracklang.tex)
Package tracklang Info: Tracking dialect `indonesian' (language `bahasai') on i
nput line 264.
Package tracklang Info: Tracking dialect `indonesian' (language `bahasai') on i
nput line 264.
)
(/Users/louisferdyo/Library/Application Support/MiKTeX/texmfs/install/tex/latex
/xkeyval/xkeyval.sty
Package: xkeyval 2022/06/16 v2.9 package option processing (HA)

(/Users/louisferdyo/Library/Application Support/MiKTeX/texmfs/install/tex/gener
ic/xkeyval/xkeyval.tex
(/Users/louisferdyo/Library/Application Support/MiKTeX/texmfs/install/tex/gener
ic/xkeyval/xkvutils.tex
\XKV@toks=\toks34
\XKV@tempa@toks=\toks35
)
\XKV@depth=\count366
File: xkeyval.tex 2014/12/03 v2.7a key=value parser (HA)
))
Package tracklang Info: Tracking dialect `bahasai' (language `bahasai') on inpu
t line 217.

(/Users/louisferdyo/Library/Application Support/MiKTeX/texmfs/install/tex/latex
/datetime2-bahasai/datetime2-bahasai.ldf
File: datetime2-bahasai.ldf 2018/01/10 v1.01
))
(/Users/louisferdyo/Library/Application Support/MiKTeX/texmfs/install/tex/latex
/tools/tabularx.sty
Package: tabularx 2023/12/11 v2.12a `tabularx' package (DPC)

(/Users/louisferdyo/Library/Application Support/MiKTeX/texmfs/install/tex/latex
/tools/array.sty
Package: array 2025/06/08 v2.6j Tabular extension package (FMi)
\col@sep=\dimen268
\ar@mcellbox=\box68
\extrarowheight=\dimen269
\NC@list=\toks36
\extratabsurround=\skip110
\backup@length=\skip111
\ar@cellbox=\box69
)
\TX@col@width=\dimen270
\TX@old@table=\dimen271
\TX@old@col=\dimen272
\TX@target=\dimen273
\TX@delta=\dimen274
\TX@cols=\count367
\TX@ftn=\toks37
)
(/Users/louisferdyo/Library/Application Support/MiKTeX/texmfs/install/tex/latex
/xcolor/xcolor.sty
Package: xcolor 2024/09/29 v3.02 LaTeX color extensions (UK)

(/Users/louisferdyo/Library/Application Support/MiKTeX/texmfs/install/tex/latex
/graphics-cfg/color.cfg
File: color.cfg 2016/01/02 v1.6 sample color configuration
)
Package xcolor Info: Driver file: xetex.def on input line 274.

(/Users/louisferdyo/Library/Application Support/MiKTeX/texmfs/install/tex/latex
/graphics/mathcolor.ltx)
Package xcolor Info: Model `cmy' substituted by `cmy0' on input line 1349.
Package xcolor Info: Model `RGB' extended on input line 1365.
Package xcolor Info: Model `HTML' substituted by `rgb' on input line 1367.
Package xcolor Info: Model `Hsb' substituted by `hsb' on input line 1368.
Package xcolor Info: Model `tHsb' substituted by `hsb' on input line 1369.
Package xcolor Info: Model `HSB' substituted by `hsb' on input line 1370.
Package xcolor Info: Model `Gray' substituted by `gray' on input line 1371.
Package xcolor Info: Model `wave' substituted by `hsb' on input line 1372.
)
(/Users/louisferdyo/Library/Application Support/MiKTeX/texmfs/install/tex/latex
/colortbl/colortbl.sty
Package: colortbl 2024/10/29 v1.0k Color table columns (DPC)
\everycr=\toks38
\minrowclearance=\skip112
\rownum=\count368
)
(/Users/louisferdyo/Library/Application Support/MiKTeX/texmfs/install/tex/latex
/biblatex-chicago/biblatex-chicago.sty
Package: biblatex-chicago 2022/07/02 v 3.18 biblatex style

(/Users/louisferdyo/Library/Application Support/MiKTeX/texmfs/install/tex/latex
/xstring/xstring.sty
(/Users/louisferdyo/Library/Application Support/MiKTeX/texmfs/install/tex/gener
ic/xstring/xstring.tex
\xs_counta=\count369
\xs_countb=\count370
)
Package: xstring 2023/08/22 v1.86 String manipulations (CT)
)
(/Users/louisferdyo/Library/Application Support/MiKTeX/texmfs/install/tex/latex
/biblatex/biblatex.sty
Package: biblatex 2025/07/10 v3.21 programmable bibliographies (PK/MW)

(/Users/louisferdyo/Library/Application Support/MiKTeX/texmfs/install/tex/latex
/logreq/logreq.sty
Package: logreq 2010/08/04 v1.0 xml request logger
\lrq@indent=\count371

(/Users/louisferdyo/Library/Application Support/MiKTeX/texmfs/install/tex/latex
/logreq/logreq.def
File: logreq.def 2010/08/04 v1.0 logreq spec v1.0
))
(/Users/louisferdyo/Library/Application Support/MiKTeX/texmfs/install/tex/latex
/base/ifthen.sty
Package: ifthen 2024/03/16 v1.1e Standard LaTeX ifthen package (DPC)
)
\c@tabx@nest=\count372
\c@listtotal=\count373
\c@listcount=\count374
\c@liststart=\count375
\c@liststop=\count376
\c@citecount=\count377
\c@citetotal=\count378
\c@multicitecount=\count379
\c@multicitetotal=\count380
\c@instcount=\count381
\c@maxnames=\count382
\c@minnames=\count383
\c@maxitems=\count384
\c@minitems=\count385
\c@citecounter=\count386
\c@maxcitecounter=\count387
\c@savedcitecounter=\count388
\c@uniquelist=\count389
\c@uniquename=\count390
\c@refsection=\count391
\c@refsegment=\count392
\c@maxextratitle=\count393
\c@maxextratitleyear=\count394
\c@maxextraname=\count395
\c@maxextradate=\count396
\c@maxextraalpha=\count397
\c@abbrvpenalty=\count398
\c@highnamepenalty=\count399
\c@lownamepenalty=\count400
\c@maxparens=\count401
\c@parenlevel=\count402
\blx@tempcnta=\count403
\blx@tempcntb=\count404
\blx@tempcntc=\count405
\c@blx@maxsection=\count406
\blx@maxsegment@0=\count407
\blx@notetype=\count408
\blx@parenlevel@text=\count409
\blx@parenlevel@foot=\count410
\blx@sectionciteorder@0=\count411
\blx@sectionciteorderinternal@0=\count412
\blx@entrysetcounter=\count413
\blx@biblioinstance=\count414
\labelnumberwidth=\skip113
\labelalphawidth=\skip114
\biblabelsep=\skip115
\bibitemsep=\skip116
\bibnamesep=\skip117
\bibinitsep=\skip118
\bibparsep=\skip119
\bibhang=\skip120
\blx@bcfin=\read3
\blx@bcfout=\write3
\blx@langwohyphens=\language80
\c@mincomprange=\count415
\c@maxcomprange=\count416
\c@mincompwidth=\count417
Package biblatex Info: Trying to load biblatex default data model...
Package biblatex Info: ... file 'blx-dm.def' found.

(/Users/louisferdyo/Library/Application Support/MiKTeX/texmfs/install/tex/latex
/biblatex/blx-dm.def
File: blx-dm.def 2025/07/10 v3.21 biblatex datamodel (PK/MW)
)
Package biblatex Info: Trying to load biblatex style data model...
Package biblatex Info: ... file 'chicago-authordate.dbx' not found.
Package biblatex Info: Trying to load biblatex custom data model...
Package biblatex Info: ... file 'biblatex-dm.cfg' not found.
\c@afterword=\count418
\c@savedafterword=\count419
\c@annotator=\count420
\c@savedannotator=\count421
\c@author=\count422
\c@savedauthor=\count423
\c@bookauthor=\count424
\c@savedbookauthor=\count425
\c@commentator=\count426
\c@savedcommentator=\count427
\c@editor=\count428
\c@savededitor=\count429
\c@editora=\count430
\c@savededitora=\count431
\c@editorb=\count432
\c@savededitorb=\count433
\c@editorc=\count434
\c@savededitorc=\count435
\c@foreword=\count436
\c@savedforeword=\count437
\c@holder=\count438
\c@savedholder=\count439
\c@introduction=\count440
\c@savedintroduction=\count441
\c@namea=\count442
\c@savednamea=\count443
\c@nameb=\count444
\c@savednameb=\count445
\c@namec=\count446
\c@savednamec=\count447
\c@translator=\count448
\c@savedtranslator=\count449
\c@shortauthor=\count450
\c@savedshortauthor=\count451
\c@shorteditor=\count452
\c@savedshorteditor=\count453
\c@labelname=\count454
\c@savedlabelname=\count455
\c@institution=\count456
\c@savedinstitution=\count457
\c@lista=\count458
\c@savedlista=\count459
\c@listb=\count460
\c@savedlistb=\count461
\c@listc=\count462
\c@savedlistc=\count463
\c@listd=\count464
\c@savedlistd=\count465
\c@liste=\count466
\c@savedliste=\count467
\c@listf=\count468
\c@savedlistf=\count469
\c@location=\count470
\c@savedlocation=\count471
\c@organization=\count472
\c@savedorganization=\count473
\c@origlocation=\count474
\c@savedoriglocation=\count475
\c@origpublisher=\count476
\c@savedorigpublisher=\count477
\c@publisher=\count478
\c@savedpublisher=\count479
\c@language=\count480
\c@savedlanguage=\count481
\c@origlanguage=\count482
\c@savedoriglanguage=\count483
\c@pageref=\count484
\c@savedpageref=\count485
\shorthandwidth=\skip121
\shortjournalwidth=\skip122
\shortserieswidth=\skip123
\shorttitlewidth=\skip124
\shortauthorwidth=\skip125
\shorteditorwidth=\skip126
\locallabelnumberwidth=\skip127
\locallabelalphawidth=\skip128
\localshorthandwidth=\skip129
\localshortjournalwidth=\skip130
\localshortserieswidth=\skip131
\localshorttitlewidth=\skip132
\localshortauthorwidth=\skip133
\localshorteditorwidth=\skip134
Package biblatex Info: Trying to load enhanced support for Unicode engines...
Package biblatex Info: ... file 'blx-unicode.def' found.

(/Users/louisferdyo/Library/Application Support/MiKTeX/texmfs/install/tex/latex
/biblatex/blx-unicode.def)
Package biblatex Info: Trying to load compatibility code...
Package biblatex Info: ... file 'blx-compat.def' found.

(/Users/louisferdyo/Library/Application Support/MiKTeX/texmfs/install/tex/latex
/biblatex/blx-compat.def
File: blx-compat.def 2025/07/10 v3.21 biblatex compatibility (PK/MW)
)
Package biblatex Info: Trying to load generic definitions...
Package biblatex Info: ... file 'biblatex.def' found.

(/Users/louisferdyo/Library/Application Support/MiKTeX/texmfs/install/tex/latex
/biblatex/biblatex.def
File: biblatex.def 2025/07/10 v3.21 biblatex compatibility (PK/MW)
\c@textcitecount=\count486
\c@textcitetotal=\count487
\c@textcitemaxnames=\count488
\c@biburlbigbreakpenalty=\count489
\c@biburlbreakpenalty=\count490
\c@biburlnumpenalty=\count491
\c@biburlucpenalty=\count492
\c@biburllcpenalty=\count493
\biburlbigskip=\muskip19
\biburlnumskip=\muskip20
\biburlucskip=\muskip21
\biburllcskip=\muskip22
\c@smartand=\count494
)
Package biblatex Info: Trying to load bibliography style 'chicago-authordate'..
.
Package biblatex Info: ... file 'chicago-authordate.bbx' found.

(/Users/louisferdyo/Library/Application Support/MiKTeX/texmfs/install/tex/latex
/biblatex-chicago/chicago-authordate.bbx
File: chicago-authordate.bbx 2022/11/17 v 3.18b biblatex bibliography style
\lositemsep=\skip135
Package biblatex Info: Delimiter 'revsdnamedelim' in context '' already defined
, overwriting.
\cms@tempcnta=\count495
\cms@tempcntb=\count496
\c@bbx:relatedcount=\count497
\c@bbx:relatedtotal=\count498
)
Package biblatex Info: Trying to load citation style 'chicago-authordate'...
Package biblatex Info: ... file 'chicago-authordate.cbx' found.

(/Users/louisferdyo/Library/Application Support/MiKTeX/texmfs/install/tex/latex
/biblatex-chicago/chicago-authordate.cbx
File: chicago-authordate.cbx 2022/07/02 v 3.18 biblatex citation style
Package biblatex Info: Trying to load citation style 'chicago-dates-common'...
Package biblatex Info: ... file 'chicago-dates-common.cbx' found.

(/Users/louisferdyo/Library/Application Support/MiKTeX/texmfs/install/tex/latex
/biblatex-chicago/chicago-dates-common.cbx
File: chicago-dates-common.cbx 2024/04/15 v 3.20 biblatex citation style
Package biblatex Info: Redefining '\cite'.
Package biblatex Info: Redefining '\parencite'.
Package biblatex Info: Redefining '\footcite'.
Package biblatex Info: Redefining '\footcitetext'.
Package biblatex Info: Redefining '\citetitle'.
Package biblatex Info: Redefining '\footfullcite'.
Package biblatex Info: Redefining '\fullcite'.
Package biblatex Info: Redefining '\textcite'.
Package biblatex Info: Redefining '\textcites'.
Package biblatex Info: Redefining '\cites'.
Package biblatex Info: Redefining '\parencites'.
Package biblatex Info: Redefining '\footcites'.
Package biblatex Info: Redefining '\footcitetexts'.
\c@cms@punct=\count499
Package biblatex Info: Delimiter 'dateeradelim' in context '' already defined, 
overwriting.
))
Package biblatex Info: Trying to load configuration file...
Package biblatex Info: ... file 'biblatex.cfg' found.

(/Users/louisferdyo/Library/Application Support/MiKTeX/texmfs/install/tex/latex
/biblatex/biblatex.cfg
File: biblatex.cfg 
)
Package biblatex Info: XeTeX detected.
(biblatex)             Assuming input encoding 'utf8'.
Package biblatex Info: Document encoding is UTF8 ....
Package biblatex Info: ... and expl3
(biblatex)             2025-10-09 L3 programming layer (loader) 
(biblatex)             is new enough (at least 2020/04/06),
(biblatex)             setting 'casechanger=expl3'.

(/Users/louisferdyo/Library/Application Support/MiKTeX/texmfs/install/tex/latex
/biblatex/blx-case-expl3.sty
Package: blx-case-expl3 2025/07/10 v3.21 expl3 case changing code for biblatex
)))
Package hyperref Info: Option `colorlinks' set `true' on input line 161.
Package csquotes Info: Checking for multilingual support...
Package csquotes Info: ... found 'babel' package.
Package csquotes Info: Adjusting default style.


Package csquotes Warning: No style for language 'indonesian'.
(csquotes)                Using fallback style on input line 203.

Package csquotes Info: Redefining alias 'default' -> 'fallback'.
(ProposalTA.aux
(/Users/louisferdyo/Library/Application Support/MiKTeX/texmfs/install/tex/gener
ic/babel/locale/en/babel-english.tex)
Package babel Info: Importing data for english
(babel)             from babel-en.ini. Reported on input line 35.
)
\openout1 = `ProposalTA.aux'.

LaTeX Font Info:    Checking defaults for OML/cmm/m/it on input line 203.
LaTeX Font Info:    ... okay on input line 203.
LaTeX Font Info:    Checking defaults for OMS/cmsy/m/n on input line 203.
LaTeX Font Info:    ... okay on input line 203.
LaTeX Font Info:    Checking defaults for OT1/cmr/m/n on input line 203.
LaTeX Font Info:    ... okay on input line 203.
LaTeX Font Info:    Checking defaults for T1/cmr/m/n on input line 203.
LaTeX Font Info:    ... okay on input line 203.
LaTeX Font Info:    Checking defaults for TS1/cmr/m/n on input line 203.
LaTeX Font Info:    ... okay on input line 203.
LaTeX Font Info:    Checking defaults for TU/lmr/m/n on input line 203.
LaTeX Font Info:    ... okay on input line 203.
LaTeX Font Info:    Checking defaults for OMX/cmex/m/n on input line 203.
LaTeX Font Info:    ... okay on input line 203.
LaTeX Font Info:    Checking defaults for U/cmr/m/n on input line 203.
LaTeX Font Info:    ... okay on input line 203.
LaTeX Font Info:    Checking defaults for PD1/pdf/m/n on input line 203.
LaTeX Font Info:    ... okay on input line 203.
LaTeX Font Info:    Checking defaults for PU/pdf/m/n on input line 203.
LaTeX Font Info:    ... okay on input line 203.

Package fontspec Info: 
(fontspec)             Adjusting the maths setup (use [no-math] to avoid
(fontspec)             this).

\symlegacymaths=\mathgroup6
LaTeX Font Info:    Overwriting symbol font `legacymaths' in version `bold'
(Font)                  OT1/cmr/m/n --> OT1/cmr/bx/n on input line 203.
LaTeX Font Info:    Redeclaring math accent \acute on input line 203.
LaTeX Font Info:    Redeclaring math accent \grave on input line 203.
LaTeX Font Info:    Redeclaring math accent \ddot on input line 203.
LaTeX Font Info:    Redeclaring math accent \tilde on input line 203.
LaTeX Font Info:    Redeclaring math accent \bar on input line 203.
LaTeX Font Info:    Redeclaring math accent \breve on input line 203.
LaTeX Font Info:    Redeclaring math accent \check on input line 203.
LaTeX Font Info:    Redeclaring math accent \hat on input line 203.
LaTeX Font Info:    Redeclaring math accent \dot on input line 203.
LaTeX Font Info:    Redeclaring math accent \mathring on input line 203.
LaTeX Font Info:    Redeclaring math symbol \Gamma on input line 203.
LaTeX Font Info:    Redeclaring math symbol \Delta on input line 203.
LaTeX Font Info:    Redeclaring math symbol \Theta on input line 203.
LaTeX Font Info:    Redeclaring math symbol \Lambda on input line 203.
LaTeX Font Info:    Redeclaring math symbol \Xi on input line 203.
LaTeX Font Info:    Redeclaring math symbol \Pi on input line 203.
LaTeX Font Info:    Redeclaring math symbol \Sigma on input line 203.
LaTeX Font Info:    Redeclaring math symbol \Upsilon on input line 203.
LaTeX Font Info:    Redeclaring math symbol \Phi on input line 203.
LaTeX Font Info:    Redeclaring math symbol \Psi on input line 203.
LaTeX Font Info:    Redeclaring math symbol \Omega on input line 203.
LaTeX Font Info:    Redeclaring math symbol \mathdollar on input line 203.
LaTeX Font Info:    Redeclaring symbol font `operators' on input line 203.
LaTeX Font Info:    Encoding `OT1' has changed to `TU' for symbol font
(Font)              `operators' in the math version `normal' on input line 203.

LaTeX Font Info:    Overwriting symbol font `operators' in version `normal'
(Font)                  OT1/cmr/m/n --> TU/TimesNewRoman(0)/m/n on input line 2
03.
LaTeX Font Info:    Encoding `OT1' has changed to `TU' for symbol font
(Font)              `operators' in the math version `bold' on input line 203.
LaTeX Font Info:    Overwriting symbol font `operators' in version `bold'
(Font)                  OT1/cmr/bx/n --> TU/TimesNewRoman(0)/m/n on input line 
203.
LaTeX Font Info:    Overwriting symbol font `operators' in version `normal'
(Font)                  TU/TimesNewRoman(0)/m/n --> TU/TimesNewRoman(0)/m/n on 
input line 203.
LaTeX Font Info:    Overwriting math alphabet `\mathit' in version `normal'
(Font)                  OT1/cmr/m/it --> TU/TimesNewRoman(0)/m/it on input line
 203.
LaTeX Font Info:    Overwriting math alphabet `\mathbf' in version `normal'
(Font)                  OT1/cmr/bx/n --> TU/TimesNewRoman(0)/b/n on input line 
203.
LaTeX Font Info:    Overwriting math alphabet `\mathsf' in version `normal'
(Font)                  OT1/cmss/m/n --> TU/lmss/m/n on input line 203.
LaTeX Font Info:    Overwriting math alphabet `\mathtt' in version `normal'
(Font)                  OT1/cmtt/m/n --> TU/lmtt/m/n on input line 203.
LaTeX Font Info:    Overwriting symbol font `operators' in version `bold'
(Font)                  TU/TimesNewRoman(0)/m/n --> TU/TimesNewRoman(0)/b/n on 
input line 203.
LaTeX Font Info:    Overwriting math alphabet `\mathit' in version `bold'
(Font)                  OT1/cmr/bx/it --> TU/TimesNewRoman(0)/b/it on input lin
e 203.
LaTeX Font Info:    Overwriting math alphabet `\mathsf' in version `bold'
(Font)                  OT1/cmss/bx/n --> TU/lmss/b/n on input line 203.
LaTeX Font Info:    Overwriting math alphabet `\mathtt' in version `bold'
(Font)                  OT1/cmtt/m/n --> TU/lmtt/b/n on input line 203.

*geometry* driver: auto-detecting
*geometry* detected driver: xetex
*geometry* verbose mode - [ preamble ] result:
* driver: xetex
* paper: a4paper
* layout: <same size as paper>
* layoutoffset:(h,v)=(0.0pt,0.0pt)
* modes: 
* h-part:(L,W,R)=(113.81102pt, 398.3386pt, 85.35826pt)
* v-part:(T,H,B)=(85.35826pt, 674.33032pt, 85.35826pt)
* \paperwidth=597.50787pt
* \paperheight=845.04684pt
* \textwidth=398.3386pt
* \textheight=674.33032pt
* \oddsidemargin=41.54103pt
* \evensidemargin=41.54103pt
* \topmargin=-18.78552pt
* \headheight=12.0pt
* \headsep=19.8738pt
* \topskip=12.0pt
* \footskip=30.0pt
* \marginparwidth=38.0pt
* \marginparsep=7.0pt
* \columnsep=10.0pt
* \skip\footins=10.8pt plus 4.0pt minus 2.0pt
* \hoffset=0.0pt
* \voffset=0.0pt
* \mag=1000
* \@twocolumnfalse
* \@twosidefalse
* \@mparswitchfalse
* \@reversemarginfalse
* (1in=72.27pt=25.4mm, 1cm=28.453pt)

Package caption Info: Begin \AtBeginDocument code.
Package caption Info: float package is loaded.
Package caption Info: floatrow package is loaded.
Package caption Info: floatrow package is loaded.
Package caption Info: hyperref package is loaded.
Package caption Info: listings package is loaded.
Package caption Info: longtable package is loaded.

(/Users/louisferdyo/Library/Application Support/MiKTeX/texmfs/install/tex/latex
/caption/ltcaption.sty
Package: ltcaption 2021/01/08 v1.4c longtable captions (AR)
)
Package caption Info: Fixing longtable code of `floatrow' package.
Package caption Info: End \AtBeginDocument code.
Package hyperref Info: Link coloring ON on input line 203.
 (ProposalTA.out) (ProposalTA.out)
\@outlinefile=\write4
\openout4 = `ProposalTA.out'.


(/Users/louisferdyo/Library/Application Support/MiKTeX/texmfs/install/tex/latex
/floatrow/fr-longtable.sty
Package: fr-longtable 2007/11/28 v0.1b (beta) floatrow: additions for longtable

\flrow@LT@lasthead=\box70
\flrow@LT@prelastfoot=\box71
\c@FBLTpage=\count500
)
\c@lstlisting=\count501
Package biblatex Info: Trying to load language 'indonesian'...
Package biblatex Info: ... file 'indonesian.lbx' not found.


Package biblatex Warning: Language 'indonesian' not supported.
(biblatex)                Using dummy definitions on input line 203.

Package biblatex Info: Trying to load language 'english'...
Package biblatex Info: ... file 'english.lbx' found.

(/Users/louisferdyo/Library/Application Support/MiKTeX/texmfs/install/tex/latex
/biblatex/lbx/english.lbx
File: english.lbx 2025/07/10 v3.21 biblatex localization (PK/MW)
)
Package biblatex Info: XeTeX detected.
(biblatex)             Assuming input encoding 'utf8'.
Package biblatex Info: Automatic encoding selection.
(biblatex)             Assuming data encoding 'utf8'.
\openout3 = `ProposalTA.bcf'.

Package biblatex Info: Trying to load bibliographic data...
Package biblatex Info: ... file 'ProposalTA.bbl' found.
 (ProposalTA.bbl)
Package biblatex Info: Reference section=0 on input line 203.
Package biblatex Info: Reference segment=0 on input line 203.
File: image/ganesha.jpg Graphic file (type bmp)
<image/ganesha.jpg>


Package datetime2 Warning: Region `bahasai' has ignored 
(datetime2)                the following settings:
(datetime2)                showmonthname=true
 on input line 245.



[1


]

[1] (ProposalTA.toc
LaTeX Font Info:    Trying to load font information for U+msa on input line 2.

(/Users/louisferdyo/Library/Application Support/MiKTeX/texmfs/install/tex/latex
/amsfonts/umsa.fd
File: umsa.fd 2013/01/14 v3.01 AMS symbols A
)
LaTeX Font Info:    Trying to load font information for U+msb on input line 2.

(/Users/louisferdyo/Library/Application Support/MiKTeX/texmfs/install/tex/latex
/amsfonts/umsb.fd
File: umsb.fd 2013/01/14 v3.01 AMS symbols B
)

[2

])
\tf@toc=\write5
\openout5 = `ProposalTA.toc'.



[3] (ProposalTA.lof)
\tf@lof=\write6
\openout6 = `ProposalTA.lof'.



[4] (ProposalTA.lot)
\tf@lot=\write7
\openout7 = `ProposalTA.lot'.



[5] (Bab I - Pendahuluan.tex
Bab I.


[1


]

[2]

[3]

[4]

[5]) (Bab II - Studi-Literatur.tex

[6]
Bab II.

Package biblatex-chicago Warning: Empty Ibidem citation on input line 13.



[7

]

Package biblatex-chicago Warning: Empty Ibidem citation on input line 19.


Package biblatex-chicago Warning: Empty Ibidem citation on input line 21.



[8]

[9]

Package biblatex-chicago Warning: Empty Ibidem citation on input line 51.



[10]

[11]

Package biblatex-chicago Warning: Empty Ibidem citation on input line 81.



[12]
Overfull \hbox (0.89658pt too wide) in paragraph at lines 98--99
\TU/TimesNewRoman(0)/m/it/12 xposure \TU/TimesNewRoman(0)/m/n/12 (”efek senter”
), sementara latar belakang menjadi hitam pekat ([][][]Green-
 []


Package biblatex-chicago Warning: Empty Ibidem citation on input line 101.



[13]

[14]
Overfull \hbox (1.24734pt too wide) in paragraph at lines 135--136
[]\TU/TimesNewRoman(0)/m/n/12 Pelacakan Wajah (\TU/TimesNewRoman(0)/m/it/12 Tra
cking\TU/TimesNewRoman(0)/m/n/12 ): Menerapkan pelacak Kanade-Lucas-Tomasi un-
 []



[15]

[16]) (Bab III - Analisis-Masalah.tex

[17]
Bab III.


[18

]
Overfull \hbox (7.00278pt too wide) in paragraph at lines 39--40
\TU/TimesNewRoman(0)/m/n/12 tas atau nafsu makan) rentan terhadap bias antar-pe
ngamat (\TU/TimesNewRoman(0)/m/it/12 inter-observer
 []


Overfull \hbox (5.50668pt too wide) in paragraph at lines 40--41
[]\TU/TimesNewRoman(0)/b/n/12 Keterbatasan Pengawasan Malam Hari: \TU/TimesNewR
oman(0)/m/n/12 Sifat nokturnal kukang meng-
 []



[19] (table/func-req.tex
Underfull \hbox (badness 10000) in paragraph at lines 29--29
[]|\TU/TimesNewRoman(0)/b/n/12 Kebutuhan
 []


Underfull \hbox (badness 10000) in paragraph at lines 29--29
[]|\TU/TimesNewRoman(0)/m/n/12 Klasifikasi
 []


Underfull \hbox (badness 6910) in paragraph at lines 29--29
\TU/TimesNewRoman(0)/m/n/12 Ekspresi Wa-
 []


Underfull \hbox (badness 10000) in paragraph at lines 29--29
[]|\TU/TimesNewRoman(0)/m/n/12 Pemantauan
 []


Underfull \hbox (badness 10000) in paragraph at lines 29--29
[]|\TU/TimesNewRoman(0)/m/n/12 Manajemen
 []


Underfull \hbox (badness 10000) in paragraph at lines 29--29
[]|\TU/TimesNewRoman(0)/m/n/12 Visualisasi
 []


Underfull \hbox (badness 10000) in paragraph at lines 29--29
[]|\TU/TimesNewRoman(0)/m/n/12 Manajemen
 []

)

[20] (table/nonfunc-req.tex
Underfull \hbox (badness 10000) in paragraph at lines 28--28
[]|\TU/TimesNewRoman(0)/b/n/12 Kebutuhan
 []


Underfull \hbox (badness 10000) in paragraph at lines 28--28
\TU/TimesNewRoman(0)/b/n/12 Non-
 []


Underfull \hbox (badness 10000) in paragraph at lines 28--28
[]|\TU/TimesNewRoman(0)/m/n/12 Kinerja (\TU/TimesNewRoman(0)/m/it/12 Per-
 []


Underfull \hbox (badness 10000) in paragraph at lines 28--28
[]|\TU/TimesNewRoman(0)/m/n/12 Keandalan
 []


Underfull \hbox (badness 10000) in paragraph at lines 28--28
[]|\TU/TimesNewRoman(0)/m/n/12 Skalabilitas
 []


Underfull \hbox (badness 10000) in paragraph at lines 28--28
[]|\TU/TimesNewRoman(0)/m/n/12 Keamanan
 []


Underfull \hbox (badness 10000) in paragraph at lines 28--28
[]|\TU/TimesNewRoman(0)/m/n/12 Kemudahan
 []


Underfull \hbox (badness 10000) in paragraph at lines 28--28
\TU/TimesNewRoman(0)/m/n/12 Penggunaan
 []


Underfull \hbox (badness 10000) in paragraph at lines 28--28
\TU/TimesNewRoman(0)/m/n/12 (\TU/TimesNewRoman(0)/m/it/12 Compatibili-
 []


Underfull \hbox (badness 10000) in paragraph at lines 28--28
[]|\TU/TimesNewRoman(0)/m/n/12 Keterawatan
 []


Underfull \hbox (badness 10000) in paragraph at lines 28--28
\TU/TimesNewRoman(0)/m/n/12 (\TU/TimesNewRoman(0)/m/it/12 Maintainabi-
 []


Underfull \hbox (badness 10000) in paragraph at lines 28--28
[]|\TU/TimesNewRoman(0)/m/n/12 Portabilitas
 []



[21])

[22]
Underfull \hbox (badness 3088) in paragraph at lines 90--90
\TU/TimesNewRoman(0)/m/n/12 subjektivitas dan menghasilkan
 []


Underfull \hbox (badness 3780) in paragraph at lines 90--90
[]|\TU/TimesNewRoman(0)/m/n/12 Tingkat keamanan dan kenya-
 []



[23]
Overfull \hbox (1.03445pt too wide) in paragraph at lines 134--135
[]\TU/TimesNewRoman(0)/b/n/12 Otomatisasi 24/7: \TU/TimesNewRoman(0)/m/n/12 Dap
at berjalan secara kontinu mengatasi keterbatasan jum-
 []



[24]) (Bab IV - Desain-Konsep-Solusi.tex

[25]
Bab IV.

Package caption Warning: \label without proper reference on input line 23.
See the caption package documentation for explanation.


LaTeX Warning: Reference `fig:sistem_saat_ini' on page 26 undefined on input li
ne 16.

File: image/sistem as-is.drawio.png Graphic file (type bmp)
<image/sistem as-is.drawio.png>


[26

]
File: image/sistem to-be.drawio.png Graphic file (type bmp)
<image/sistem to-be.drawio.png>


[27]
Overfull \hbox (1.40555pt too wide) in paragraph at lines 41--42
[]\TU/TimesNewRoman(0)/m/n/12 Sistem usulan ini dirancang sebagai solusi otomat
isasi \TU/TimesNewRoman(0)/m/it/12 end-to-end \TU/TimesNewRoman(0)/m/n/12 yang 
dikembangk-
 []



[28] (table/perbandingan-sistem.tex
Underfull \hbox (badness 10000) in paragraph at lines 25--25
[]|\TU/TimesNewRoman(0)/m/n/12 Dilakukan secara oto-
 []


Underfull \hbox (badness 10000) in paragraph at lines 25--25
\TU/TimesNewRoman(0)/m/n/12 matis menggunakan
 []


Underfull \hbox (badness 3118) in paragraph at lines 25--25
\TU/TimesNewRoman(0)/m/n/12 algoritma \TU/TimesNewRoman(0)/m/it/12 Computer Vi-

 []


Underfull \hbox (badness 1043) in paragraph at lines 25--25
\TU/TimesNewRoman(0)/m/n/12 untuk mendeteksi wajah
 []


Underfull \hbox (badness 7344) in paragraph at lines 25--25
\TU/TimesNewRoman(0)/m/n/12 kala) mengikuti jadwal
 []


Underfull \hbox (badness 1127) in paragraph at lines 25--25
\TU/TimesNewRoman(0)/m/n/12 tugas, sehingga terdapat
 []


Underfull \hbox (badness 3942) in paragraph at lines 25--25
[]|\TU/TimesNewRoman(0)/m/n/12 Bersifat kontinu (24/7),
 []


Underfull \hbox (badness 1038) in paragraph at lines 25--25
\TU/TimesNewRoman(0)/m/n/12 sistem mampu mempro-
 []


Underfull \hbox (badness 6775) in paragraph at lines 25--25
\TU/TimesNewRoman(0)/m/n/12 tung pada pengalaman,
 []


Underfull \hbox (badness 1406) in paragraph at lines 25--25
\TU/TimesNewRoman(0)/m/n/12 terpretasi personal petu-
 []


Underfull \hbox (badness 1127) in paragraph at lines 25--25
\TU/TimesNewRoman(0)/m/n/12 sasi, penilaian didasark-
 []


Underfull \hbox (badness 10000) in paragraph at lines 25--25
[]|\TU/TimesNewRoman(0)/m/n/12 Manual menggunakan
 []


Underfull \hbox (badness 1454) in paragraph at lines 25--25
\TU/TimesNewRoman(0)/m/n/12 lir kertas, rentan hilang
 []


Underfull \hbox (badness 10000) in paragraph at lines 25--25
[]|\TU/TimesNewRoman(0)/m/n/12 Otomatis tersimpan ke
 []


Underfull \hbox (badness 1173) in paragraph at lines 25--25
\TU/TimesNewRoman(0)/m/n/12 dalam basis data digital
 []


Underfull \hbox (badness 10000) in paragraph at lines 25--25
\TU/TimesNewRoman(0)/m/n/12 (\TU/TimesNewRoman(0)/m/it/12 database\TU/TimesNewR
oman(0)/m/n/12 ), mencakup
 []


Underfull \hbox (badness 10000) in paragraph at lines 25--25
[]|\TU/TimesNewRoman(0)/m/n/12 Berisiko menimbulkan
 []


Underfull \hbox (badness 5260) in paragraph at lines 25--25
\TU/TimesNewRoman(0)/m/n/12 bat kehadiran manusia)
 []


Underfull \hbox (badness 1043) in paragraph at lines 25--25
\TU/TimesNewRoman(0)/m/n/12 jika dilakukan observasi
 []


Underfull \hbox (badness 10000) in paragraph at lines 25--25
\TU/TimesNewRoman(0)/m/n/12 dilakukan sepenuhnya
 []


Underfull \hbox (badness 3930) in paragraph at lines 25--25
[]|\TU/TimesNewRoman(0)/m/n/12 Memiliki latensi tinggi,
 []

)) (Bab V - Rencana-Selanjutnya.tex

[29]

[30]
Bab V.
(table/gantt-chart.tex)

[31

]
Overfull \hbox (0.47054pt too wide) in paragraph at lines 30--31
[]\TU/TimesNewRoman(0)/b/n/12 Library Utama: \TU/TimesNewRoman(0)/m/n/12 OpenCV
 (pengolahan citra/CLAHE), Ultralytics (YO-
 []



[32]

[33]
Underfull \hbox (badness 1694) in paragraph at lines 104--104
[]|\TU/TimesNewRoman(0)/m/n/12 Layanan Cloud Computing (GPU Rental/Colab
 []



[34]
Overfull \hbox (1.31918pt too wide) in paragraph at lines 118--119
[]\TU/TimesNewRoman(0)/m/it/12 Confusion Matrix \TU/TimesNewRoman(0)/m/n/12 unt
uk menganalisis kesalahan prediksi antar kelas (mi-
 []



[35]
Underfull \hbox (badness 10000) in paragraph at lines 156--156
[]|\TU/TimesNewRoman(0)/b/n/12 Kelangkaan Data (\TU/TimesNewRoman(0)/b/it/12 Da
ta
 []


Underfull \hbox (badness 1708) in paragraph at lines 156--156
\TU/TimesNewRoman(0)/m/it/12 xup\TU/TimesNewRoman(0)/m/n/12 , \TU/TimesNewRoman
(0)/m/it/12 mosaic\TU/TimesNewRoman(0)/m/n/12 ) dan menggu-
 []


Underfull \hbox (badness 3601) in paragraph at lines 156--156
[]|\TU/TimesNewRoman(0)/m/n/12 Penerapan algoritma CLA-
 []


Underfull \hbox (badness 2334) in paragraph at lines 156--156
[]|\TU/TimesNewRoman(0)/b/n/12 Ambiguitas Label: \TU/TimesNewRoman(0)/m/n/12 Pa
kar
 []


Underfull \hbox (badness 10000) in paragraph at lines 156--156
[]|\TU/TimesNewRoman(0)/m/n/12 Melakukan validasi silang
 []


Underfull \hbox (badness 10000) in paragraph at lines 156--156
\TU/TimesNewRoman(0)/m/n/12 antar pakar (minimal 3
 []


Underfull \hbox (badness 10000) in paragraph at lines 156--156
\TU/TimesNewRoman(0)/m/n/12 pakar) dan menggunakan
 []


Underfull \hbox (badness 10000) in paragraph at lines 156--156
\TU/TimesNewRoman(0)/m/n/12 sistem \TU/TimesNewRoman(0)/m/it/12 voting \TU/Time
sNewRoman(0)/m/n/12 mayoritas
 []


Underfull \hbox (badness 10000) in paragraph at lines 156--156
\TU/TimesNewRoman(0)/m/n/12 untuk menentukan label
 []


Underfull \hbox (badness 1365) in paragraph at lines 156--156
[]|\TU/TimesNewRoman(0)/b/n/12 Beban Komputasi Tinggi:
 []


Underfull \hbox (badness 1052) in paragraph at lines 156--156
\TU/TimesNewRoman(0)/m/n/12 seperti YOLOv8-Nano atau
 []

)

[36]

[37]
Overfull \hbox (5.22232pt too wide) in paragraph at lines 403--403
[][]\TU/TimesNewRoman(0)/m/n/12 Greenberg, S., dkk. 2020. “  Automated Image Re
cognition for Wildlife Camera Traps:
 []



[38


]

[39]
Overfull \hbox (1.23894pt too wide) in paragraph at lines 403--403
[][]\TU/TimesNewRoman(0)/m/n/12 Schofield, Daniel, Arsha Nagrani, Andrew Zisser
man, Misato Hayashi, Tetsuro Mat-
 []



[40]
Overfull \hbox (0.91568pt too wide) in paragraph at lines 403--403
[][]\TU/TimesNewRoman(0)/m/n/12 Wang, T., dkk. 2024. “  Nighttime wildlife obje
ct detection based on YOLOv8-night”.
 []


Package caption Warning: Unused \captionsetup[lstlisting] on input line 383.
See the caption package documentation for explanation.



[41] (ProposalTA.aux)
 ***********
LaTeX2e <2025-06-01> patch level 1
L3 programming layer <2025-10-09>
 ***********


LaTeX Warning: There were undefined references.

Package rerunfilecheck Info: File `ProposalTA.out' has not changed.
(rerunfilecheck)             Checksum: 4AFC54704CED2192F4579096530966D8;10464.
Package logreq Info: Writing requests to 'ProposalTA.run.xml'.
\openout1 = `ProposalTA.run.xml'.

 ) 
Here is how much of TeX's memory you used:
 32061 strings out of 403200
 629497 string characters out of 5451029
 2015170 words of memory out of 5000000
 60218 multiletter control sequences out of 15000+600000
 633563 words of font info for 86 fonts, out of 8000000 for 9000
 1348 hyphenation exceptions out of 8191
 73i,12n,93p,1201b,6853s stack positions out of 10000i,1000n,20000p,200000b,200000s

Output written on ProposalTA.pdf (47 pages).
